[debug] [2023-05-17T21:06:28.549Z] ----------------------------------------------------------------------
[debug] [2023-05-17T21:06:28.552Z] Command:       /home/sotojn/.nvm/versions/node/v16.17.0/bin/node /home/sotojn/PersonalProjects/portfolio-jsoto/node_modules/.bin/firebase init hosting:github
[debug] [2023-05-17T21:06:28.552Z] CLI Version:   12.0.0
[debug] [2023-05-17T21:06:28.552Z] Platform:      linux
[debug] [2023-05-17T21:06:28.552Z] Node Version:  v16.17.0
[debug] [2023-05-17T21:06:28.553Z] Time:          Wed May 17 2023 14:06:28 GMT-0700 (Mountain Standard Time)
[debug] [2023-05-17T21:06:28.553Z] ----------------------------------------------------------------------
[debug] 
[debug] [2023-05-17T21:06:28.628Z] > command requires scopes: ["email","openid","https://www.googleapis.com/auth/cloudplatformprojects.readonly","https://www.googleapis.com/auth/firebase","https://www.googleapis.com/auth/cloud-platform"]
[debug] [2023-05-17T21:06:28.628Z] > authorizing via signed-in user (josephsoto684@gmail.com)
[info] 
     ######## #### ########  ######## ########     ###     ######  ########
     ##        ##  ##     ## ##       ##     ##  ##   ##  ##       ##
     ######    ##  ########  ######   ########  #########  ######  ######
     ##        ##  ##    ##  ##       ##     ## ##     ##       ## ##
     ##       #### ##     ## ######## ########  ##     ##  ######  ########

You're about to initialize a Firebase project in this directory:

  /home/sotojn/PersonalProjects/portfolio-jsoto

Before we get started, keep in mind:

  * You are initializing within an existing Firebase project directory

[info] 
=== Project Setup
[info] 
[info] First, let's associate this project directory with a Firebase project.
[info] You can create multiple project aliases by running firebase use --add, 
[info] but for now we'll just set up a default project.
[info] 
[debug] [2023-05-17T21:06:28.637Z] Using project from CLI flag: jsotowebsite
[debug] [2023-05-17T21:06:28.641Z] >>> [apiv2][query] GET https://firebase.googleapis.com/v1beta1/projects/jsotowebsite [none]
[debug] [2023-05-17T21:06:29.141Z] <<< [apiv2][status] GET https://firebase.googleapis.com/v1beta1/projects/jsotowebsite 200
[debug] [2023-05-17T21:06:29.142Z] <<< [apiv2][body] GET https://firebase.googleapis.com/v1beta1/projects/jsotowebsite {"projectId":"jsotowebsite","projectNumber":"944684080291","displayName":"jsotoWebsite","name":"projects/jsotowebsite","resources":{"hostingSite":"jsotowebsite"},"state":"ACTIVE","etag":"1_67ded91a-0377-4eea-8333-635815328866"}
[info] i  Using project jsotowebsite (jsotoWebsite) 
[info] 
=== Hosting:github Setup
[info] 
[info] i  Detected a .git folder at /home/sotojn/PersonalProjects/portfolio-jsoto 
[info] i  Authorizing with GitHub to upload your service account to a GitHub repository's secrets store. 
[info] 
[info] Visit this URL on this device to log in:
[info] https://github.com/login/oauth/authorize?client_id=89cf50f02ac6aaed3484&state=294713703&redirect_uri=http%3A%2F%2Flocalhost%3A9005&scope=read%3Auser%20repo%20public_repo
[info] 
[info] Waiting for authentication...
[debug] [2023-05-17T21:06:36.874Z] >>> [apiv2][query] POST https://github.com/login/oauth/access_token [none]
[debug] [2023-05-17T21:06:36.874Z] >>> [apiv2][body] POST https://github.com/login/oauth/access_token [stream]
[debug] [2023-05-17T21:06:37.365Z] <<< [apiv2][status] POST https://github.com/login/oauth/access_token 200
[debug] [2023-05-17T21:06:37.365Z] <<< [apiv2][body] POST https://github.com/login/oauth/access_token {"access_token":"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","token_type":"bearer","scope":"read:user,repo"}
[debug] [2023-05-17T21:06:37.375Z] >>> [apiv2][query] GET https://api.github.com/user [none]
[debug] [2023-05-17T21:06:37.883Z] <<< [apiv2][status] GET https://api.github.com/user 200
[debug] [2023-05-17T21:06:37.884Z] <<< [apiv2][body] GET https://api.github.com/user {"login":"sotojn","id":112277899,"node_id":"U_kgDOBrE5iw","avatar_url":"https://avatars.githubusercontent.com/u/112277899?v=4","gravatar_id":"","url":"https://api.github.com/users/sotojn","html_url":"https://github.com/sotojn","followers_url":"https://api.github.com/users/sotojn/followers","following_url":"https://api.github.com/users/sotojn/following{/other_user}","gists_url":"https://api.github.com/users/sotojn/gists{/gist_id}","starred_url":"https://api.github.com/users/sotojn/starred{/owner}{/repo}","subscriptions_url":"https://api.github.com/users/sotojn/subscriptions","organizations_url":"https://api.github.com/users/sotojn/orgs","repos_url":"https://api.github.com/users/sotojn/repos","events_url":"https://api.github.com/users/sotojn/events{/privacy}","received_events_url":"https://api.github.com/users/sotojn/received_events","type":"User","site_admin":false,"name":"Joseph Soto","company":null,"blog":"","location":null,"email":"josephsoto66@gmail.com","hireable":null,"bio":null,"twitter_username":null,"public_repos":3,"public_gists":0,"followers":0,"following":0,"created_at":"2022-08-27T19:25:16Z","updated_at":"2023-04-03T21:49:00Z","private_gists":0,"total_private_repos":29,"owned_private_repos":0,"disk_usage":5741,"collaborators":0,"two_factor_authentication":false,"plan":{"name":"free","space":976562499,"collaborators":0,"private_repos":10000}}
[info] 
[info] ✔  Success! Logged into GitHub as sotojn 
[info] 
